Using pre-set license
Built from '2020.3/release' branch; Version is '2020.3.12f1 (b3b2c6512326) revision 11776710'; Using compiler version '192528614'; Build Type 'Release'
OS: 'Windows 10 Pro; OS build 19044.2728; Version 2009; 64bit' Language: 'en' Physical Memory: 7989 MB
BatchMode: 1, IsHumanControllingUs: 0, StartBugReporterOnCrash: 0, Is64bit: 1, IsPro: 0

 COMMAND LINE ARGUMENTS:
C:\Program Files\Unity\Hub\Editor\2020.3.12f1\Editor\Unity.exe
-adb2
-batchMode
-noUpm
-name
AssetImportWorker0
-projectPath
C:/Users/Ninja33/Documents/GitHub/BSStack/BS-Stack
-logFile
Logs/AssetImportWorker0.log
-srvPort
65058
Successfully changed project path to: C:/Users/Ninja33/Documents/GitHub/BSStack/BS-Stack
C:/Users/Ninja33/Documents/GitHub/BSStack/BS-Stack
Using Asset Import Pipeline V2.
Refreshing native plugins compatible for Editor in 81.34 ms, found 2 plugins.
Preloading 0 native plugins for Editor in 0.00 ms.
Initialize engine version: 2020.3.12f1 (b3b2c6512326)
[Subsystems] Discovering subsystems at path C:/Program Files/Unity/Hub/Editor/2020.3.12f1/Editor/Data/Resources/UnitySubsystems
[Subsystems] Discovering subsystems at path C:/Users/Ninja33/Documents/GitHub/BSStack/BS-Stack/Assets
GfxDevice: creating device client; threaded=0
Direct3D:
    Version:  Direct3D 11.0 [level 10.0]
    Renderer: Intel(R) HD Graphics (ID=0x46)
    Vendor:   
    VRAM:     128 MB
    Driver:   8.15.10.2900
Initialize mono
Mono path[0] = 'C:/Program Files/Unity/Hub/Editor/2020.3.12f1/Editor/Data/Managed'
Mono path[1] = 'C:/Program Files/Unity/Hub/Editor/2020.3.12f1/Editor/Data/MonoBleedingEdge/lib/mono/unityjit'
Mono config path = 'C:/Program Files/Unity/Hub/Editor/2020.3.12f1/Editor/Data/MonoBleedingEdge/etc'
Using monoOptions --debugger-agent=transport=dt_socket,embedding=1,server=y,suspend=n,address=127.0.0.1:56196
Begin MonoManager ReloadAssembly
Registering precompiled unity dll's ...
Register platform support module: C:/Program Files/Unity/Hub/Editor/2020.3.12f1/Editor/Data/PlaybackEngines/WindowsStandaloneSupport/UnityEditor.WindowsStandalone.Extensions.dll
Registered in 0.004868 seconds.
Native extension for WindowsStandalone target not found
Refreshing native plugins compatible for Editor in 91.19 ms, found 2 plugins.
Preloading 0 native plugins for Editor in 0.00 ms.
Mono: successfully reloaded assembly
- Completed reload, in  2.608 seconds
Platform modules already initialized, skipping
Registering precompiled user dll's ...
Registered in 0.008651 seconds.
Begin MonoManager ReloadAssembly
Native extension for WindowsStandalone target not found
Refreshing native plugins compatible for Editor in 0.73 ms, found 2 plugins.
Preloading 0 native plugins for Editor in 0.00 ms.
Mono: successfully reloaded assembly
- Completed reload, in  2.454 seconds
Platform modules already initialized, skipping
========================================================================
Worker process is ready to serve import requests
Launched and connected shader compiler UnityShaderCompiler.exe after 0.09 seconds
Refreshing native plugins compatible for Editor in 0.69 ms, found 2 plugins.
Preloading 0 native plugins for Editor in 0.00 ms.
Unloading 1387 Unused Serialized files (Serialized files now loaded: 0)
System memory in use before: 64.7 MB.
System memory in use after: 64.7 MB.

Unloading 19 unused Assets to reduce memory usage. Loaded Objects now: 1819.
Total: 4.990700 ms (FindLiveObjects: 0.603300 ms CreateObjectMapping: 0.147500 ms MarkObjects: 4.051700 ms  DeleteObjects: 0.182900 ms)

AssetImportParameters requested are different than current active one (requested -> active):
  custom:framework-win-MediaFoundation: 216162199b28c13a410421893ffa2e32 -> 
  custom:video-decoder-ogg-theora: a1e56fd34408186e4bbccfd4996cb3dc -> 
  custom:container-muxer-webm: aa71ff27fc2769a1b78a27578f13a17b -> 
  custom:container-demuxer-webm: 4f35f7cbe854078d1ac9338744f61a02 -> 
  custom:container-demuxer-ogg: 62fdf1f143b41e24485cea50d1cbac27 -> 
  custom:video-encoder-webm-vp8: eb34c28f22e8b96e1ab97ce403110664 -> 
  custom:video-decoder-webm-vp8: 9c59270c3fd7afecdb556c50c9e8de78 -> 
  custom:audio-decoder-ogg-vorbis: bf7c407c2cedff20999df2af8eb42d56 -> 
  custom:audio-encoder-webm-vorbis: bf7c407c2cedff20999df2af8eb42d56 -> 
========================================================================
Received Import Request.
  path: Assets/Prefabs
  artifactKey: Guid(7dd7f5efd25d0cf4fb38259d3a9bf4c2) Importer(815301076,1909f56bfc062723c751e8b465ee728b)
Start importing Assets/Prefabs using Guid(7dd7f5efd25d0cf4fb38259d3a9bf4c2) Importer(815301076,1909f56bfc062723c751e8b465ee728b)  -> (artifact id: 'ac79ee290e2add33b04ed249e5ec3145') in 0.025997 seconds 
  Import took 0.031021 seconds .

========================================================================
Received Import Request.
  Time since last request: 75.685599 seconds.
  path: Assets/Prefabs/Cube.prefab
  artifactKey: Guid(db69d3aba8a0e034783a1d2c6c9e13f2) Importer(815301076,1909f56bfc062723c751e8b465ee728b)
Start importing Assets/Prefabs/Cube.prefab using Guid(db69d3aba8a0e034783a1d2c6c9e13f2) Importer(815301076,1909f56bfc062723c751e8b465ee728b)  -> (artifact id: 'a88f6cf7010a04316d760a6e4598172c') in 0.481448 seconds 
  Import took 0.487369 seconds .

========================================================================
Received Import Request.
  Time since last request: 84.487356 seconds.
  path: Assets/Prefabs/Cube.prefab
  artifactKey: Guid(db69d3aba8a0e034783a1d2c6c9e13f2) Importer(815301076,1909f56bfc062723c751e8b465ee728b)
Start importing Assets/Prefabs/Cube.prefab using Guid(db69d3aba8a0e034783a1d2c6c9e13f2) Importer(815301076,1909f56bfc062723c751e8b465ee728b)  -> (artifact id: 'ed17d730dc9acba4fd2bf33643910e18') in 0.049079 seconds 
  Import took 0.055765 seconds .

========================================================================
Received Import Request.
  Time since last request: 0.010229 seconds.
  path: Assets/Prefabs/Cube.prefab
  artifactKey: Guid(db69d3aba8a0e034783a1d2c6c9e13f2) Importer(815301076,1909f56bfc062723c751e8b465ee728b)
Start importing Assets/Prefabs/Cube.prefab using Guid(db69d3aba8a0e034783a1d2c6c9e13f2) Importer(815301076,1909f56bfc062723c751e8b465ee728b)  -> (artifact id: 'ed17d730dc9acba4fd2bf33643910e18') in 0.021432 seconds 
  Import took 0.028196 seconds .

AssetImportWorkerClient::OnTransportError - code=2 error=End of file
